[  1%] Built target turtlesim__cpp
[ 11%] Built target turtlesim__rosidl_generator_c
[ 11%] Built target ament_cmake_python_copy_turtlesim
[ 21%] Built target turtlesim__rosidl_typesupport_c
[ 31%] Built target turtlesim__rosidl_typesupport_introspection_cpp
[ 56%] Built target turtlesim__rosidl_typesupport_cpp
[ 56%] Built target turtlesim__rosidl_typesupport_introspection_c
[ 61%] Built target turtlesim__rosidl_typesupport_fastrtps_cpp
[ 71%] Built target turtlesim__rosidl_typesupport_fastrtps_c
[ 71%] Built target turtlesim
[ 73%] Built target draw_square
[ 75%] Built target mimic
[ 77%] Built target turtle_teleop_key
[ 83%] Built target turtlesim_node
[ 84%] Built target turtlesim__py
[ 93%] Built target turtlesim__rosidl_generator_py
[ 97%] Built target turtlesim__rosidl_typesupport_c__pyext
[ 97%] Built target turtlesim__rosidl_typesupport_introspection_c__pyext
[100%] Built target turtlesim__rosidl_typesupport_fastrtps_c__pyext
running egg_info
writing turtlesim.egg-info/PKG-INFO
writing dependency_links to turtlesim.egg-info/dependency_links.txt
writing top-level names to turtlesim.egg-info/top_level.txt
reading manifest file 'turtlesim.egg-info/SOURCES.txt'
Traceback (most recent call last):
  File "/home/charles/ros2_ws/build/turtlesim/ament_cmake_python/turtlesim/setup.py", line 4, in <module>
    setup(
  File "/home/charles/.local/lib/python3.10/site-packages/setuptools/__init__.py", line 117, in setup
    return distutils.core.setup(**attrs)
  File "/home/charles/.local/lib/python3.10/site-packages/setuptools/_distutils/core.py", line 183, in setup
    return run_commands(dist)
  File "/home/charles/.local/lib/python3.10/site-packages/setuptools/_distutils/core.py", line 199, in run_commands
    dist.run_commands()
  File "/home/charles/.local/lib/python3.10/site-packages/setuptools/_distutils/dist.py", line 954, in run_commands
    self.run_command(cmd)
  File "/home/charles/.local/lib/python3.10/site-packages/setuptools/dist.py", line 950, in run_command
    super().run_command(command)
  File "/home/charles/.local/lib/python3.10/site-packages/setuptools/_distutils/dist.py", line 973, in run_command
    cmd_obj.run()
  File "/home/charles/.local/lib/python3.10/site-packages/setuptools/command/egg_info.py", line 311, in run
    self.find_sources()
  File "/home/charles/.local/lib/python3.10/site-packages/setuptools/command/egg_info.py", line 319, in find_sources
    mm.run()
  File "/home/charles/.local/lib/python3.10/site-packages/setuptools/command/egg_info.py", line 545, in run
    self.prune_file_list()
  File "/home/charles/.local/lib/python3.10/site-packages/setuptools/command/sdist.py", line 161, in prune_file_list
    super().prune_file_list()
  File "/home/charles/.local/lib/python3.10/site-packages/setuptools/_distutils/command/sdist.py", line 380, in prune_file_list
    base_dir = self.distribution.get_fullname()
  File "/home/charles/.local/lib/python3.10/site-packages/setuptools/_core_metadata.py", line 267, in get_fullname
    return _distribution_fullname(self.get_name(), self.get_version())
  File "/home/charles/.local/lib/python3.10/site-packages/setuptools/_core_metadata.py", line 285, in _distribution_fullname
    canonicalize_version(version, strip_trailing_zero=False),
TypeError: canonicalize_version() got an unexpected keyword argument 'strip_trailing_zero'
gmake[2]: *** [CMakeFiles/ament_cmake_python_build_turtlesim_egg.dir/build.make:70: CMakeFiles/ament_cmake_python_build_turtlesim_egg] Error 1
gmake[1]: *** [CMakeFiles/Makefile2:455: CMakeFiles/ament_cmake_python_build_turtlesim_egg.dir/all] Error 2
gmake: *** [Makefile:146: all] Error 2
