[0.137s] Invoking command in '/home/charles/ros2_ws/build/turtlesim': CMAKE_PREFIX_PATH=/opt/ros/humble /usr/bin/cmake --build /home/charles/ros2_ws/build/turtlesim -- -j12 -l12
[0.180s] [  1%] Built target turtlesim__cpp
[0.185s] [ 11%] Built target turtlesim__rosidl_generator_c
[0.189s] [ 11%] Built target ament_cmake_python_copy_turtlesim
[0.199s] [ 25%] Built target turtlesim__rosidl_typesupport_introspection_cpp
[0.199s] [ 31%] Built target turtlesim__rosidl_typesupport_introspection_c
[0.200s] [ 41%] Built target turtlesim__rosidl_typesupport_cpp
[0.200s] [ 57%] Built target turtlesim__rosidl_typesupport_fastrtps_cpp
[0.200s] [ 61%] Built target turtlesim__rosidl_typesupport_c
[0.201s] [ 71%] Built target turtlesim__rosidl_typesupport_fastrtps_c
[0.213s] [ 71%] Built target turtlesim
[0.224s] [ 73%] Built target mimic
[0.224s] [ 75%] Built target draw_square
[0.224s] [ 81%] Built target turtlesim_node
[0.225s] [ 83%] Built target turtle_teleop_key
[0.226s] [ 84%] Built target turtlesim__py
[0.241s] [ 93%] Built target turtlesim__rosidl_generator_py
[0.254s] [100%] Built target turtlesim__rosidl_typesupport_c__pyext
[0.254s] [100%] Built target turtlesim__rosidl_typesupport_fastrtps_c__pyext
[0.254s] [100%] Built target turtlesim__rosidl_typesupport_introspection_c__pyext
[0.323s] running egg_info
[0.331s] writing turtlesim.egg-info/PKG-INFO
[0.332s] writing dependency_links to turtlesim.egg-info/dependency_links.txt
[0.332s] writing top-level names to turtlesim.egg-info/top_level.txt
[0.356s] reading manifest file 'turtlesim.egg-info/SOURCES.txt'
[0.366s] Traceback (most recent call last):
[0.366s]   File "/home/charles/ros2_ws/build/turtlesim/ament_cmake_python/turtlesim/setup.py", line 4, in <module>
[0.366s]     setup(
[0.366s]   File "/home/charles/.local/lib/python3.10/site-packages/setuptools/__init__.py", line 117, in setup
[0.366s]     return distutils.core.setup(**attrs)
[0.366s]   File "/home/charles/.local/lib/python3.10/site-packages/setuptools/_distutils/core.py", line 183, in setup
[0.366s]     return run_commands(dist)
[0.366s]   File "/home/charles/.local/lib/python3.10/site-packages/setuptools/_distutils/core.py", line 199, in run_commands
[0.367s]     dist.run_commands()
[0.367s]   File "/home/charles/.local/lib/python3.10/site-packages/setuptools/_distutils/dist.py", line 954, in run_commands
[0.367s]     self.run_command(cmd)
[0.367s]   File "/home/charles/.local/lib/python3.10/site-packages/setuptools/dist.py", line 950, in run_command
[0.367s]     super().run_command(command)
[0.367s]   File "/home/charles/.local/lib/python3.10/site-packages/setuptools/_distutils/dist.py", line 973, in run_command
[0.367s]     cmd_obj.run()
[0.367s]   File "/home/charles/.local/lib/python3.10/site-packages/setuptools/command/egg_info.py", line 311, in run
[0.367s]     self.find_sources()
[0.367s]   File "/home/charles/.local/lib/python3.10/site-packages/setuptools/command/egg_info.py", line 319, in find_sources
[0.367s]     mm.run()
[0.367s]   File "/home/charles/.local/lib/python3.10/site-packages/setuptools/command/egg_info.py", line 545, in run
[0.367s]     self.prune_file_list()
[0.367s]   File "/home/charles/.local/lib/python3.10/site-packages/setuptools/command/sdist.py", line 161, in prune_file_list
[0.367s]     super().prune_file_list()
[0.367s]   File "/home/charles/.local/lib/python3.10/site-packages/setuptools/_distutils/command/sdist.py", line 380, in prune_file_list
[0.367s]     base_dir = self.distribution.get_fullname()
[0.367s]   File "/home/charles/.local/lib/python3.10/site-packages/setuptools/_core_metadata.py", line 267, in get_fullname
[0.367s]     return _distribution_fullname(self.get_name(), self.get_version())
[0.367s]   File "/home/charles/.local/lib/python3.10/site-packages/setuptools/_core_metadata.py", line 285, in _distribution_fullname
[0.367s]     canonicalize_version(version, strip_trailing_zero=False),
[0.367s] TypeError: canonicalize_version() got an unexpected keyword argument 'strip_trailing_zero'
[0.382s] gmake[2]: *** [CMakeFiles/ament_cmake_python_build_turtlesim_egg.dir/build.make:70: CMakeFiles/ament_cmake_python_build_turtlesim_egg] Error 1
[0.382s] gmake[1]: *** [CMakeFiles/Makefile2:455: CMakeFiles/ament_cmake_python_build_turtlesim_egg.dir/all] Error 2
[0.382s] gmake: *** [Makefile:146: all] Error 2
[0.383s] Invoked command in '/home/charles/ros2_ws/build/turtlesim' returned '2': CMAKE_PREFIX_PATH=/opt/ros/humble /usr/bin/cmake --build /home/charles/ros2_ws/build/turtlesim -- -j12 -l12
